+ cc[USER] lib/random_data.c
+ ar obj/lib/libjos.a
+ GEN: obj/prog//test1.ld
+ ld obj/prog//test1
+ GEN obj/prog//test1_out.S
+ build obj/prog//test1_out
+ GEN: obj/prog//test2.ld
+ ld obj/prog//test2
+ GEN obj/prog//test2_out.S
+ build obj/prog//test2_out
+ GEN: obj/prog//test3.ld
+ ld obj/prog//test3
+ GEN obj/prog//test3_out.S
+ build obj/prog//test3_out
+ GEN: obj/prog//test4.ld
+ ld obj/prog//test4
+ GEN obj/prog//test4_out.S
+ build obj/prog//test4_out
+ GEN: obj/prog//test5.ld
+ ld obj/prog//test5
+ GEN obj/prog//test5_out.S
+ build obj/prog//test5_out
+ GEN: obj/prog//test6.ld
+ ld obj/prog//test6
+ GEN obj/prog//test6_out.S
+ build obj/prog//test6_out
+ ld obj/kern/kernel
***
*** Now run 'gdb'.
***
WARNING: Image format was not specified for 'json:{"fat-type": 0, "backing": {"driver": "vvfat_write_target"}, "dir": "LoaderPkg/ESP", "driver": "vvfat", "floppy": false, "rw": true, "write-target": {"driver": "qcow", "file": {"driver": "file", "filename": "/var/folders/jg/9dnll0h529j1rdg8p9xkhknw0000gn/T//vl.JjcioJ"}}}' and probing guessed raw.
         Automatically detecting the format is dangerous for raw images, write operations on block 0 will be restricted.
         Specify the 'raw' format explicitly to remove the restrictions.
[2J[01;01H[=3h[2J[01;01H[0m[35m[40m[0m[37m[40mBdsDxe: failed to load Boot0001 "UEFI QEMU DVD-ROM QM00003 " from PciRoot(0x0)/Pci(0x1,0x1)/Ata(Secondary,Master,0x0): Not Found
BdsDxe: loading Boot0002 "UEFI QEMU HARDDISK QM00001 " from PciRoot(0x0)/Pci(0x1,0x1)/Ata(Primary,Master,0x0)
BdsDxe: starting Boot0002 "UEFI QEMU HARDDISK QM00001 " from PciRoot(0x0)/Pci(0x1,0x1)/Ata(Primary,Master,0x0)
JOS: Loading at 2020-10-22 - 13:44:6...
JOS: Found ACPI 1.0 RSDP table BFB7E000
JOS: Found ACPI 2.0 RSDP table BFB7E014
JOS: CR0 - 80010033 CR3 - BFC01000
JOS: Loading kernel image...
JOS: Loading debug tables...
JOS: MinAddress: 0x1500000, MaxAddress: 0x163C000, Kernel size: 0x13C000
JOS: Loaded kernel with 1500000 entry point
JOS: LoaderParams pointer: BF95C710
JOS: KernelCallGate: BE4E6FA0
6828 decimal is 15254 octal!
END: 0x804163c000
enabled interrupts: 2
Framebuffer initialised
No runnable environments in the system!
Welcome to the JOS kernel monitor!
Type 'help' for a list of commands.
K> timer_stop
Timer Error
K> timer_start pit
K> timer_start pit
K> timer_stop
4
K> timer_start pit
K> timer_stop
7
K> undef pit
Unknown command 'undef'
K> timer_stop
Timer Error
K> timer_start hpet0
K> timer_start hpet0
K> timer_stop
4
K> timer_start hpet0
K> timer_stop
7
K> undef hpet0
Unknown command 'undef'
K> timer_stop
Timer Error
K> timer_start pm
K> timer_start pm
K> timer_stop
4
K> timer_start pm
K> timer_stop
7
K> undef pm
Unknown command 'uqemu-system-x86_64: terminating on signal 15 from pid 32720 (<unknown process>)
nmake[1]: *** Deleting intermediate file `obj/prog//test5.ld'
make[1]: *** Deleting intermediate file `obj/prog//test4.ld'
make[1]: *** Deleting intermediate file `obj/prog//test3.ld'
make[1]: *** Deleting intermediate file `obj/prog//test6.ld'
make[1]: *** Deleting intermediate file `obj/prog//test1.ld'
make[1]: *** Deleting intermediate file `obj/prog//test2.ld'
